<?xml version="1.0" encoding="UTF-8"?>
<!-- Generated by org.testng.reporters.JUnitReportReporter -->
<testsuite hostname="Vamsis-MacBook-Pro.local" name="com.api.autobot.rest.testsuite.CustomerRegister" tests="1" failures="0" timestamp="22 Jan 2018 19:52:19 GMT" time="1.261" errors="0">
  <testcase name="registerCustomer" time="1.261" classname="com.api.autobot.rest.testsuite.CustomerRegister"/>
</testsuite> <!-- com.api.autobot.rest.testsuite.CustomerRegister -->
